2022-02-20 15:23:11,469 INFO org.springframework.orm.jpa.AbstractEntityManagerFactoryBean [restartedMain] Closing JPA EntityManagerFactory for persistence unit 'default'
2022-02-20 15:23:11,501 INFO com.zaxxer.hikari.HikariDataSource [restartedMain] HikariPool-1 - Shutdown initiated...
2022-02-20 15:23:11,532 INFO com.zaxxer.hikari.HikariDataSource [restartedMain] HikariPool-1 - Shutdown completed.
2022-02-20 15:24:23,538 INFO org.hibernate.validator.internal.util.Version [background-preinit] HV000001: Hibernate Validator 6.2.0.Final
2022-02-20 15:24:23,585 INFO org.springframework.boot.StartupInfoLogger [restartedMain] Starting ApiUniversidadMApplication using Java 11.0.12 on DESKTOP-FG950QQ with PID 4016 (C:\Users\Israel\Documents\workspace-spring-tool-suite-4-4.12.1.RELEASE\APIUniversidadC\target\classes started by Israel in C:\Users\Israel\Documents\workspace-spring-tool-suite-4-4.12.1.RELEASE\APIUniversidadC)
2022-02-20 15:24:23,585 INFO org.springframework.boot.SpringApplication [restartedMain] No active profile set, falling back to default profiles: default
2022-02-20 15:24:23,960 INFO org.springframework.boot.logging.DeferredLog [restartedMain] Devtools property defaults active! Set 'spring.devtools.add-properties' to 'false' to disable
2022-02-20 15:24:23,960 INFO org.springframework.boot.logging.DeferredLog [restartedMain] For additional web related logging consider setting the 'logging.level.web' property to 'DEBUG'
2022-02-20 15:24:27,386 INFO org.springframework.data.repository.config.RepositoryConfigurationDelegate [restartedMain] Bootstrapping Spring Data JPA repositories in DEFAULT mode.
2022-02-20 15:24:27,683 INFO org.springframework.data.repository.config.RepositoryConfigurationDelegate [restartedMain] Finished Spring Data repository scanning in 267 ms. Found 4 JPA repository interfaces.
2022-02-20 15:24:31,010 INFO org.springframework.boot.web.embedded.tomcat.TomcatWebServer [restartedMain] Tomcat initialized with port(s): 9081 (http)
2022-02-20 15:24:31,057 INFO org.apache.juli.logging.DirectJDKLog [restartedMain] Initializing ProtocolHandler ["http-nio-9081"]
2022-02-20 15:24:31,057 INFO org.apache.juli.logging.DirectJDKLog [restartedMain] Starting service [Tomcat]
2022-02-20 15:24:31,057 INFO org.apache.juli.logging.DirectJDKLog [restartedMain] Starting Servlet engine: [Apache Tomcat/9.0.56]
2022-02-20 15:24:31,557 INFO org.apache.juli.logging.DirectJDKLog [restartedMain] Initializing Spring embedded WebApplicationContext
2022-02-20 15:24:31,557 INFO org.springframework.boot.web.servlet.context.ServletWebServerApplicationContext [restartedMain] Root WebApplicationContext: initialization completed in 7581 ms
2022-02-20 15:24:32,229 INFO org.hibernate.jpa.internal.util.LogHelper [restartedMain] HHH000204: Processing PersistenceUnitInfo [name: default]
2022-02-20 15:24:32,495 INFO org.hibernate.Version [restartedMain] HHH000412: Hibernate ORM core version 5.6.4.Final
2022-02-20 15:24:33,276 INFO org.hibernate.annotations.common.reflection.java.JavaReflectionManager [restartedMain] HCANN000001: Hibernate Commons Annotations {5.1.2.Final}
2022-02-20 15:24:33,745 INFO com.zaxxer.hikari.HikariDataSource [restartedMain] HikariPool-1 - Starting...
2022-02-20 15:24:34,511 INFO com.zaxxer.hikari.HikariDataSource [restartedMain] HikariPool-1 - Start completed.
2022-02-20 15:24:34,651 INFO org.hibernate.dialect.Dialect [restartedMain] HHH000400: Using dialect: org.hibernate.dialect.PostgreSQL10Dialect
2022-02-20 15:24:39,342 INFO org.hibernate.engine.transaction.jta.platform.internal.JtaPlatformInitiator [restartedMain] HHH000490: Using JtaPlatform implementation: [org.hibernate.engine.transaction.jta.platform.internal.NoJtaPlatform]
2022-02-20 15:24:39,358 INFO org.springframework.orm.jpa.AbstractEntityManagerFactoryBean [restartedMain] Initialized JPA EntityManagerFactory for persistence unit 'default'
2022-02-20 15:24:41,807 WARN org.springframework.boot.autoconfigure.orm.jpa.JpaBaseConfiguration$JpaWebConfiguration [restartedMain] spring.jpa.open-in-view is enabled by default. Therefore, database queries may be performed during view rendering. Explicitly configure spring.jpa.open-in-view to disable this warning
2022-02-20 15:24:43,030 WARN org.springframework.context.support.AbstractApplicationContext [restartedMain] Exception encountered during context initialization - cancelling refresh attempt: org.springframework.beans.factory.BeanCreationException: Error creating bean with name 'repositorioEmpleado' defined in com.ibm.academia.restapi.universidad.repositorios.EmpleadoRepository defined in @EnableJpaRepositories declared on JpaRepositoriesRegistrar.EnableJpaRepositoriesConfiguration: Invocation of init method failed; nested exception is org.springframework.data.repository.query.QueryCreationException: Could not create query for public abstract java.lang.Iterable com.ibm.academia.restapi.universidad.repositorios.EmpleadoRepository.findEmpleadoByTipoEmpleado(com.ibm.academia.restapi.universidad.enumeradores.TipoEmpleado)! Reason: Validation failed for query for method public abstract java.lang.Iterable com.ibm.academia.restapi.universidad.repositorios.EmpleadoRepository.findEmpleadoByTipoEmpleado(com.ibm.academia.restapi.universidad.enumeradores.TipoEmpleado)!; nested exception is java.lang.IllegalArgumentException: Validation failed for query for method public abstract java.lang.Iterable com.ibm.academia.restapi.universidad.repositorios.EmpleadoRepository.findEmpleadoByTipoEmpleado(com.ibm.academia.restapi.universidad.enumeradores.TipoEmpleado)!
2022-02-20 15:24:43,045 INFO org.springframework.orm.jpa.AbstractEntityManagerFactoryBean [restartedMain] Closing JPA EntityManagerFactory for persistence unit 'default'
2022-02-20 15:24:43,061 INFO com.zaxxer.hikari.HikariDataSource [restartedMain] HikariPool-1 - Shutdown initiated...
2022-02-20 15:24:43,092 INFO com.zaxxer.hikari.HikariDataSource [restartedMain] HikariPool-1 - Shutdown completed.
2022-02-20 15:24:43,108 INFO org.apache.juli.logging.DirectJDKLog [restartedMain] Stopping service [Tomcat]
2022-02-20 15:24:43,170 INFO org.springframework.boot.autoconfigure.logging.ConditionEvaluationReportLoggingListener [restartedMain] 

Error starting ApplicationContext. To display the conditions report re-run your application with 'debug' enabled.
2022-02-20 15:24:43,389 ERROR org.springframework.boot.SpringApplication [restartedMain] Application run failed
org.springframework.beans.factory.BeanCreationException: Error creating bean with name 'repositorioEmpleado' defined in com.ibm.academia.restapi.universidad.repositorios.EmpleadoRepository defined in @EnableJpaRepositories declared on JpaRepositoriesRegistrar.EnableJpaRepositoriesConfiguration: Invocation of init method failed; nested exception is org.springframework.data.repository.query.QueryCreationException: Could not create query for public abstract java.lang.Iterable com.ibm.academia.restapi.universidad.repositorios.EmpleadoRepository.findEmpleadoByTipoEmpleado(com.ibm.academia.restapi.universidad.enumeradores.TipoEmpleado)! Reason: Validation failed for query for method public abstract java.lang.Iterable com.ibm.academia.restapi.universidad.repositorios.EmpleadoRepository.findEmpleadoByTipoEmpleado(com.ibm.academia.restapi.universidad.enumeradores.TipoEmpleado)!; nested exception is java.lang.IllegalArgumentException: Validation failed for query for method public abstract java.lang.Iterable com.ibm.academia.restapi.universidad.repositorios.EmpleadoRepository.findEmpleadoByTipoEmpleado(com.ibm.academia.restapi.universidad.enumeradores.TipoEmpleado)!
	at org.springframework.beans.factory.support.AbstractAutowireCapableBeanFactory.initializeBean(AbstractAutowireCapableBeanFactory.java:1804)
	at org.springframework.beans.factory.support.AbstractAutowireCapableBeanFactory.doCreateBean(AbstractAutowireCapableBeanFactory.java:620)
	at org.springframework.beans.factory.support.AbstractAutowireCapableBeanFactory.createBean(AbstractAutowireCapableBeanFactory.java:542)
	at org.springframework.beans.factory.support.AbstractBeanFactory.lambda$doGetBean$0(AbstractBeanFactory.java:335)
	at org.springframework.beans.factory.support.DefaultSingletonBeanRegistry.getSingleton(DefaultSingletonBeanRegistry.java:234)
	at org.springframework.beans.factory.support.AbstractBeanFactory.doGetBean(AbstractBeanFactory.java:333)
	at org.springframework.beans.factory.support.AbstractBeanFactory.getBean(AbstractBeanFactory.java:208)
	at org.springframework.beans.factory.support.DefaultListableBeanFactory.preInstantiateSingletons(DefaultListableBeanFactory.java:934)
	at org.springframework.context.support.AbstractApplicationContext.finishBeanFactoryInitialization(AbstractApplicationContext.java:918)
	at org.springframework.context.support.AbstractApplicationContext.refresh(AbstractApplicationContext.java:583)
	at org.springframework.boot.web.servlet.context.ServletWebServerApplicationContext.refresh(ServletWebServerApplicationContext.java:145)
	at org.springframework.boot.SpringApplication.refresh(SpringApplication.java:732)
	at org.springframework.boot.SpringApplication.refreshContext(SpringApplication.java:414)
	at org.springframework.boot.SpringApplication.run(SpringApplication.java:302)
	at org.springframework.boot.SpringApplication.run(SpringApplication.java:1303)
	at org.springframework.boot.SpringApplication.run(SpringApplication.java:1292)
	at com.ibm.academia.restapi.universidad.ApiUniversidadMApplication.main(ApiUniversidadMApplication.java:12)
	at java.base/jdk.internal.reflect.NativeMethodAccessorImpl.invoke0(Native Method)
	at java.base/jdk.internal.reflect.NativeMethodAccessorImpl.invoke(NativeMethodAccessorImpl.java:62)
	at java.base/jdk.internal.reflect.DelegatingMethodAccessorImpl.invoke(DelegatingMethodAccessorImpl.java:43)
	at java.base/java.lang.reflect.Method.invoke(Method.java:566)
	at org.springframework.boot.devtools.restart.RestartLauncher.run(RestartLauncher.java:49)
Caused by: org.springframework.data.repository.query.QueryCreationException: Could not create query for public abstract java.lang.Iterable com.ibm.academia.restapi.universidad.repositorios.EmpleadoRepository.findEmpleadoByTipoEmpleado(com.ibm.academia.restapi.universidad.enumeradores.TipoEmpleado)! Reason: Validation failed for query for method public abstract java.lang.Iterable com.ibm.academia.restapi.universidad.repositorios.EmpleadoRepository.findEmpleadoByTipoEmpleado(com.ibm.academia.restapi.universidad.enumeradores.TipoEmpleado)!; nested exception is java.lang.IllegalArgumentException: Validation failed for query for method public abstract java.lang.Iterable com.ibm.academia.restapi.universidad.repositorios.EmpleadoRepository.findEmpleadoByTipoEmpleado(com.ibm.academia.restapi.universidad.enumeradores.TipoEmpleado)!
	at org.springframework.data.repository.query.QueryCreationException.create(QueryCreationException.java:101)
	at org.springframework.data.repository.core.support.QueryExecutorMethodInterceptor.lookupQuery(QueryExecutorMethodInterceptor.java:106)
	at org.springframework.data.repository.core.support.QueryExecutorMethodInterceptor.lambda$mapMethodsToQuery$1(QueryExecutorMethodInterceptor.java:94)
	at java.base/java.util.stream.ReferencePipeline$3$1.accept(ReferencePipeline.java:195)
	at java.base/java.util.Iterator.forEachRemaining(Iterator.java:133)
	at java.base/java.util.Collections$UnmodifiableCollection$1.forEachRemaining(Collections.java:1054)
	at java.base/java.util.Spliterators$IteratorSpliterator.forEachRemaining(Spliterators.java:1801)
	at java.base/java.util.stream.AbstractPipeline.copyInto(AbstractPipeline.java:484)
	at java.base/java.util.stream.AbstractPipeline.wrapAndCopyInto(AbstractPipeline.java:474)
	at java.base/java.util.stream.ReduceOps$ReduceOp.evaluateSequential(ReduceOps.java:913)
	at java.base/java.util.stream.AbstractPipeline.evaluate(AbstractPipeline.java:234)
	at java.base/java.util.stream.ReferencePipeline.collect(ReferencePipeline.java:578)
	at org.springframework.data.repository.core.support.QueryExecutorMethodInterceptor.mapMethodsToQuery(QueryExecutorMethodInterceptor.java:96)
	at org.springframework.data.repository.core.support.QueryExecutorMethodInterceptor.lambda$new$0(QueryExecutorMethodInterceptor.java:86)
	at java.base/java.util.Optional.map(Optional.java:265)
	at org.springframework.data.repository.core.support.QueryExecutorMethodInterceptor.<init>(QueryExecutorMethodInterceptor.java:86)
	at org.springframework.data.repository.core.support.RepositoryFactorySupport.getRepository(RepositoryFactorySupport.java:364)
	at org.springframework.data.repository.core.support.RepositoryFactoryBeanSupport.lambda$afterPropertiesSet$5(RepositoryFactoryBeanSupport.java:322)
	at org.springframework.data.util.Lazy.getNullable(Lazy.java:230)
	at org.springframework.data.util.Lazy.get(Lazy.java:114)
	at org.springframework.data.repository.core.support.RepositoryFactoryBeanSupport.afterPropertiesSet(RepositoryFactoryBeanSupport.java:328)
	at org.springframework.data.jpa.repository.support.JpaRepositoryFactoryBean.afterPropertiesSet(JpaRepositoryFactoryBean.java:144)
	at org.springframework.beans.factory.support.AbstractAutowireCapableBeanFactory.invokeInitMethods(AbstractAutowireCapableBeanFactory.java:1863)
	at org.springframework.beans.factory.support.AbstractAutowireCapableBeanFactory.initializeBean(AbstractAutowireCapableBeanFactory.java:1800)
	... 21 common frames omitted
Caused by: java.lang.IllegalArgumentException: Validation failed for query for method public abstract java.lang.Iterable com.ibm.academia.restapi.universidad.repositorios.EmpleadoRepository.findEmpleadoByTipoEmpleado(com.ibm.academia.restapi.universidad.enumeradores.TipoEmpleado)!
	at org.springframework.data.jpa.repository.query.SimpleJpaQuery.validateQuery(SimpleJpaQuery.java:96)
	at org.springframework.data.jpa.repository.query.SimpleJpaQuery.<init>(SimpleJpaQuery.java:66)
	at org.springframework.data.jpa.repository.query.JpaQueryFactory.fromMethodWithQueryString(JpaQueryFactory.java:51)
	at org.springframework.data.jpa.repository.query.JpaQueryLookupStrategy$DeclaredQueryLookupStrategy.resolveQuery(JpaQueryLookupStrategy.java:163)
	at org.springframework.data.jpa.repository.query.JpaQueryLookupStrategy$CreateIfNotFoundQueryLookupStrategy.resolveQuery(JpaQueryLookupStrategy.java:252)
	at org.springframework.data.jpa.repository.query.JpaQueryLookupStrategy$AbstractQueryLookupStrategy.resolveQuery(JpaQueryLookupStrategy.java:87)
	at org.springframework.data.repository.core.support.QueryExecutorMethodInterceptor.lookupQuery(QueryExecutorMethodInterceptor.java:102)
	... 43 common frames omitted
Caused by: java.lang.IllegalArgumentException: org.hibernate.QueryException: could not resolve property: tipo_empleado of: com.ibm.academia.restapi.universidad.modelo.entidades.Empleado [select e from com.ibm.academia.restapi.universidad.modelo.entidades.Empleado e where e.tipo_empleado like ?1]
	at org.hibernate.internal.ExceptionConverterImpl.convert(ExceptionConverterImpl.java:138)
	at org.hibernate.internal.ExceptionConverterImpl.convert(ExceptionConverterImpl.java:181)
	at org.hibernate.internal.ExceptionConverterImpl.convert(ExceptionConverterImpl.java:188)
	at org.hibernate.internal.AbstractSharedSessionContract.createQuery(AbstractSharedSessionContract.java:757)
	at org.hibernate.internal.AbstractSharedSessionContract.createQuery(AbstractSharedSessionContract.java:114)
	at java.base/jdk.internal.reflect.NativeMethodAccessorImpl.invoke0(Native Method)
	at java.base/jdk.internal.reflect.NativeMethodAccessorImpl.invoke(NativeMethodAccessorImpl.java:62)
	at java.base/jdk.internal.reflect.DelegatingMethodAccessorImpl.invoke(DelegatingMethodAccessorImpl.java:43)
	at java.base/java.lang.reflect.Method.invoke(Method.java:566)
	at org.springframework.orm.jpa.ExtendedEntityManagerCreator$ExtendedEntityManagerInvocationHandler.invoke(ExtendedEntityManagerCreator.java:362)
	at com.sun.proxy.$Proxy117.createQuery(Unknown Source)
	at org.springframework.data.jpa.repository.query.SimpleJpaQuery.validateQuery(SimpleJpaQuery.java:90)
	... 49 common frames omitted
Caused by: org.hibernate.QueryException: could not resolve property: tipo_empleado of: com.ibm.academia.restapi.universidad.modelo.entidades.Empleado [select e from com.ibm.academia.restapi.universidad.modelo.entidades.Empleado e where e.tipo_empleado like ?1]
	at org.hibernate.QueryException.generateQueryException(QueryException.java:120)
	at org.hibernate.QueryException.wrapWithQueryString(QueryException.java:103)
	at org.hibernate.hql.internal.ast.QueryTranslatorImpl.doCompile(QueryTranslatorImpl.java:220)
	at org.hibernate.hql.internal.ast.QueryTranslatorImpl.compile(QueryTranslatorImpl.java:144)
	at org.hibernate.engine.query.spi.HQLQueryPlan.<init>(HQLQueryPlan.java:113)
	at org.hibernate.engine.query.spi.HQLQueryPlan.<init>(HQLQueryPlan.java:73)
	at org.hibernate.engine.query.spi.QueryPlanCache.getHQLQueryPlan(QueryPlanCache.java:162)
	at org.hibernate.internal.AbstractSharedSessionContract.getQueryPlan(AbstractSharedSessionContract.java:636)
	at org.hibernate.internal.AbstractSharedSessionContract.createQuery(AbstractSharedSessionContract.java:748)
	... 57 common frames omitted
Caused by: org.hibernate.QueryException: could not resolve property: tipo_empleado of: com.ibm.academia.restapi.universidad.modelo.entidades.Empleado
	at org.hibernate.persister.entity.AbstractPropertyMapping.propertyException(AbstractPropertyMapping.java:77)
	at org.hibernate.persister.entity.AbstractPropertyMapping.toType(AbstractPropertyMapping.java:71)
	at org.hibernate.persister.entity.AbstractEntityPersister.toType(AbstractEntityPersister.java:2053)
	at org.hibernate.hql.internal.ast.tree.FromElementType.getPropertyType(FromElementType.java:412)
	at org.hibernate.hql.internal.ast.tree.FromElement.getPropertyType(FromElement.java:520)
	at org.hibernate.hql.internal.ast.tree.DotNode.getDataType(DotNode.java:695)
	at org.hibernate.hql.internal.ast.tree.DotNode.prepareLhs(DotNode.java:269)
	at org.hibernate.hql.internal.ast.tree.DotNode.resolve(DotNode.java:209)
	at org.hibernate.hql.internal.ast.HqlSqlWalker.resolve(HqlSqlWalker.java:1055)
	at org.hibernate.hql.internal.antlr.HqlSqlBaseWalker.expr(HqlSqlBaseWalker.java:1308)
	at org.hibernate.hql.internal.antlr.HqlSqlBaseWalker.exprOrSubquery(HqlSqlBaseWalker.java:4778)
	at org.hibernate.hql.internal.antlr.HqlSqlBaseWalker.comparisonExpr(HqlSqlBaseWalker.java:4388)
	at org.hibernate.hql.internal.antlr.HqlSqlBaseWalker.logicalExpr(HqlSqlBaseWalker.java:2166)
	at org.hibernate.hql.internal.antlr.HqlSqlBaseWalker.whereClause(HqlSqlBaseWalker.java:832)
	at org.hibernate.hql.internal.antlr.HqlSqlBaseWalker.query(HqlSqlBaseWalker.java:626)
	at org.hibernate.hql.internal.antlr.HqlSqlBaseWalker.selectStatement(HqlSqlBaseWalker.java:330)
	at org.hibernate.hql.internal.antlr.HqlSqlBaseWalker.statement(HqlSqlBaseWalker.java:278)
	at org.hibernate.hql.internal.ast.QueryTranslatorImpl.analyze(QueryTranslatorImpl.java:276)
	at org.hibernate.hql.internal.ast.QueryTranslatorImpl.doCompile(QueryTranslatorImpl.java:192)
	... 63 common frames omitted
2022-02-20 15:28:38,913 INFO org.springframework.boot.StartupInfoLogger [restartedMain] Starting ApiUniversidadMApplication using Java 11.0.12 on DESKTOP-FG950QQ with PID 9560 (C:\Users\Israel\Documents\workspace-spring-tool-suite-4-4.12.1.RELEASE\APIUniversidadC\target\classes started by Israel in C:\Users\Israel\Documents\workspace-spring-tool-suite-4-4.12.1.RELEASE\APIUniversidadC)
2022-02-20 15:28:38,929 INFO org.springframework.boot.SpringApplication [restartedMain] No active profile set, falling back to default profiles: default
2022-02-20 15:28:38,944 INFO org.hibernate.validator.internal.util.Version [background-preinit] HV000001: Hibernate Validator 6.2.0.Final
